50.76.53.27 22 pyclass

pynet-rtr2#term len 0
pynet-rtr2#
show version
Cisco IOS Software, C880 Software (C880DATA-UNIVERSALK9-M), Version 15.4(2)T1, RELEASE SOFTWARE (fc3)
Technical Support: http://www.cisco.com/techsupport
Copyright (c) 1986-2014 by Cisco Systems, Inc.
Compiled Thu 26-Jun-14 14:15 by prod_rel_team

ROM: System Bootstrap, Version 12.4(22r)YB5, RELEASE SOFTWARE (fc1)

pynet-rtr2 uptime is 1 week, 3 days, 13 hours, 10 minutes
System returned to ROM by power-on
System restarted at 15:15:31 PDT Mon Sep 14 2015
System image file is "flash:c880data-universalk9-mz.154-2.T1.bin"
Last reload type: Normal Reload
Last reload reason: power-on



This product contains cryptographic features and is subject to United
States and local country laws governing import, export, transfer and
use. Delivery of Cisco cryptographic products does not imply
third-party authority to import, export, distribute or use encryption.
Importers, exporters, distributors and users are responsible for
compliance with U.S. and local country laws. By using this product you
agree to comply with applicable laws and regulations. If you are unable
to comply with U.S. and local laws, return this product immediately.

A summary of U.S. laws governing Cisco cryptographic products may be found at:
http://www.cisco.com/wwl/export/crypto/tool/stqrg.html

If you require further assistance please contact us by sending email to
export@cisco.com.

Cisco 881 (MPC8300) processor (revision 1.0) with 236544K/25600K bytes of memory.
Processor board ID FTX18298312

5 FastEthernet interfaces
1 Virtual Private Network (VPN) Module
256K bytes of non-volatile configuration memory.
125440K bytes of ATA CompactFlash (Read/Write)


License Info:

License UDI:

-------------------------------------------------
Device#	  PID			SN
-------------------------------------------------
*0  	  CISCO881-K9           FTX18298312     



License Information for 'c880-data'
    License Level: advsecurity   Type: Permanent
    Next reboot license Level: advsecurity


Configuration register is 0x2102

pynet-rtr2#
show logging
Syslog logging: enabled (0 messages dropped, 3 messages rate-limited, 0 flushes, 0 overruns, xml disabled, filtering disabled)

No Active Message Discriminator.



No Inactive Message Discriminator.


    Console logging: disabled
    Monitor logging: level debugging, 0 messages logged, xml disabled,
                     filtering disabled
    Buffer logging:  level debugging, 3 messages logged, xml disabled,
                    filtering disabled
    Exception Logging: size (4096 bytes)
    Count and timestamp logging messages: disabled
    Persistent logging: disabled

No active filter modules.

    Trap logging: level informational, 305 message lines logged
        Logging Source-Interface:       VRF Name:

Log Buffer (4096 bytes):

Sep 25 04:21:59.897 PDT: %SYS-5-CONFIG_I: Configured from console by pyclass on vty0 (54.67.30.174)
Sep 25 04:23:19.255 PDT: %SYS-5-CONFIG_I: Configured from console by pyclass on vty0 (54.67.30.174)
Sep 25 04:25:02.659 PDT: %SYS-5-CONFIG_I: Configured from console by pyclass on vty0 (54.67.30.174)
pynet-rtr2#
config t
Enter configuration commands, one per line.  End with CNTL/Z.
pynet-rtr2(config)#
logging buffered 4192
pynet-rtr2(config)#
end
pynet-rtr2#
show logging
Syslog logging: enabled (0 messages dropped, 3 messages rate-limited, 0 flushes, 0 overruns, xml disabled, filtering disabled)

No Active Message Discriminator.



No Inactive Message Discriminator.


    Console logging: disabled
    Monitor logging: level debugging, 0 messages logged, xml disabled,
                     filtering disabled
    Buffer logging:  level debugging, 1 messages logged, xml disabled,
                    filtering disabled
    Exception Logging: size (4096 bytes)
    Count and timestamp logging messages: disabled
    Persistent logging: disabled

No active filter modules.

    Trap logging: level informational, 306 message lines logged
        Logging Source-Interface:       VRF Name:

Log Buffer (4192 bytes):

Sep 25 04:26:15.977 PDT: %SYS-5-CONFIG_I: Configured from console by pyclass on vty0 (54.67.30.174)
pynet-rtr2#
end
Translating "end"

% Bad IP address or host name
% Unknown command or computer name, or unable to find computer address
pynet-rtr2#
